<?xml version="1.0" encoding="UTF-8"?>
<!-- Generated by org.testng.reporters.JUnitReportReporter -->
<testsuite hostname="DESKTOP-77NMEU4" failures="0" tests="3" name="rahulshettyacademy.tests.SubmitOrderTest" time="22.652" errors="0" timestamp="2024-11-19T23:21:45 IST" skipped="0">
  <testcase classname="rahulshettyacademy.tests.SubmitOrderTest" name="submitOrder" time="7.902"/>
  <testcase classname="rahulshettyacademy.tests.SubmitOrderTest" name="OrderHistoryTest" time="5.648"/>
  <testcase classname="rahulshettyacademy.tests.SubmitOrderTest" name="submitOrder" time="9.102"/>
</testsuite> <!-- rahulshettyacademy.tests.SubmitOrderTest -->
