<?xml version="1.0" encoding="UTF-8"?>
<!-- Generated by org.testng.reporters.JUnitReportReporter -->
<testsuite hostname="DESKTOP-77NMEU4" failures="0" tests="1" name="cucumber.TestNGTestRunner" time="7.299" errors="0" timestamp="2024-11-21T23:53:29 IST" skipped="0">
  <testcase classname="cucumber.TestNGTestRunner" name="runScenario" time="7.299"/>
</testsuite> <!-- cucumber.TestNGTestRunner -->
